<?xml version="1.0" encoding="UTF-8"?>
<!-- Generated by org.testng.reporters.JUnitXMLReporter -->
<testsuite ignored="2" hostname="DESKTOP-UPLJBLO" failures="0" tests="0" time="0.017" errors="0" timestamp="2024-10-15T21:38:39 IST">
  <testcase classname="rahulshettyacademy.tests.SubmitOrderTest" name="sumbitOrder" time="0.0">
    <ignored/>
  </testcase> <!-- sumbitOrder -->
  <testcase classname="rahulshettyacademy.tests.SubmitOrderTest" name="OrderHistoryTest" time="0.0">
    <ignored/>
  </testcase> <!-- OrderHistoryTest -->
</testsuite>
