<?xml version="1.0" encoding="UTF-8"?>
<!-- Generated by org.testng.reporters.JUnitXMLReporter -->
<testsuite ignored="0" hostname="DESKTOP-UPLJBLO" failures="0" tests="2" name="Error Validation Test" time="44.223" errors="0" timestamp="2024-10-22T15:32:36 IST">
  <testcase classname="rahulshettyacademy.tests.ErrorValidationsTest" name="LoginErrorValidation" time="9.165"/>
  <testcase classname="rahulshettyacademy.tests.ErrorValidationsTest" name="ProductErrorValidation" time="14.561"/>
</testsuite> <!-- Error Validation Test -->
